(---------------------------------------------------------------------)
(                                                                     )
(    Allegro Netrev Import Logic                                      )
(                                                                     )
(    Drawing          : sophum_esc_v2.brd                             )
(    Software Version : 16.6-2015S066                                 )
(    Date/Time        : Sat Jan 11 03:48:39 2020                      )
(                                                                     )
(---------------------------------------------------------------------)


------ Directives ------------

Ripup etch:                  No
Ripup delete first segment:  No
Ripup retain bondwire:       No
Ripup symbols:               Always
Missing symbol has error:    No
DRC update:                  Yes
Schematic directory:         'C:/Users/abcd/Documents/GitHub/sophum_esc_v2/SCH/NETLIST'
Design Directory:            '.'
Old design name:             'C:/Users/abcd/Documents/GitHub/sophum_esc_v2/PCB/sophum_esc_v2.brd'
New design name:             'C:/Users/abcd/Documents/GitHub/sophum_esc_v2/PCB/sophum_esc_v2.brd'

CmdLine: netrev -$ -i C:/Users/abcd/Documents/GitHub/sophum_esc_v2/SCH/NETLIST -y 1 -z -q netrev_constraint_report.xml C:/Users/abcd/Documents/GitHub/sophum_esc_v2/PCB/#Taaaaah17584.tmp

------ Preparing to read pst files ------

Starting to read C:/Users/abcd/Documents/GitHub/sophum_esc_v2/SCH/NETLIST/pstchip.dat 
   Finished reading C:/Users/abcd/Documents/GitHub/sophum_esc_v2/SCH/NETLIST/pstchip.dat (00:00:00.14)
Starting to read C:/Users/abcd/Documents/GitHub/sophum_esc_v2/SCH/NETLIST/pstxprt.dat 
   Finished reading C:/Users/abcd/Documents/GitHub/sophum_esc_v2/SCH/NETLIST/pstxprt.dat (00:00:00.00)
Starting to read C:/Users/abcd/Documents/GitHub/sophum_esc_v2/SCH/NETLIST/pstxnet.dat 
   Finished reading C:/Users/abcd/Documents/GitHub/sophum_esc_v2/SCH/NETLIST/pstxnet.dat (00:00:00.03)

------ Oversights/Warnings/Errors ------


------ Library Paths ------
MODULEPATH =  . 
           E:/Cadence/Cadence_SPB_16.6-2015/share/local/pcb/modules 

PSMPATH =  . 
           symbols 
           .. 
           ../symbols 
           E:/Cadence/Cadence_SPB_16.6-2015/share/local/pcb/symbols 
           E:/Cadence/Cadence_SPB_16.6-2015/share/pcb/pcb_lib/symbols 
           E:/Cadence/Cadence_SPB_16.6-2015/share/pcb/allegrolib/symbols 
           C:/Users/abcd/Documents/GitHub/cadence_pcb_lib/PACKAGE/ 
           C:/Users/abcd/Documents/GitHub/cadence_pcb_lib/FLASH/ 
           C:/Users/abcd/Documents/GitHub/cadence_pcb_lib/SHAPE 

PADPATH =  . 
           symbols 
           .. 
           ../symbols 
           E:/Cadence/Cadence_SPB_16.6-2015/share/local/pcb/padstacks 
           E:/Cadence/Cadence_SPB_16.6-2015/share/pcb/pcb_lib/symbols 
           E:/Cadence/Cadence_SPB_16.6-2015/share/pcb/allegrolib/symbols 
           C:/Users/abcd/Documents/GitHub/cadence_pcb_lib/PAD/ 


------ Summary Statistics ------


netrev run on Jan 11 3:48:39 2020
   DESIGN NAME : 'SOPHUM_ESC_V2'
   PACKAGING ON Feb 15 2016 19:53:59

   COMPILE 'logic'
   CHECK_PIN_NAMES OFF
   CROSS_REFERENCE OFF
   FEEDBACK OFF
   INCREMENTAL OFF
   INTERFACE_TYPE PHYSICAL
   MAX_ERRORS 500
   MERGE_MINIMUM 5
   NET_NAME_CHARS '#%&()*+-./:=>?@[]^_`|'
   NET_NAME_LENGTH 24
   OVERSIGHTS ON
   REPLACE_CHECK OFF
   SINGLE_NODE_NETS ON
   SPLIT_MINIMUM 0
   SUPPRESS   20
   WARNINGS ON

 No error detected
 No oversight detected
 No warning detected

cpu time      0:03:38
elapsed time  0:00:02

